<?xml version="1.0" encoding="UTF-8"?>
<!-- Generated by org.testng.reporters.JUnitReportReporter -->
<testsuite hostname="NandhiniBS" failures="0" tests="1" name="com.api.automation.ApiAutomationTest" time="0.534" errors="0" timestamp="2025-02-28T13:34:37 IST" skipped="0">
  <testcase classname="com.api.automation.ApiAutomationTest" name="fetchVideos" time="0.534"/>
  <system-out/>
</testsuite> <!-- com.api.automation.ApiAutomationTest -->
